{"contracts/ERC20.sol":{"l":{"11":2},"path":"/Users/rostykstakhiv/Blockchain/ETH/RUSD/contracts/ERC20.sol","s":{"1":2},"b":{},"f":{"1":2},"fnMap":{"1":{"name":"totalSupply","line":10,"loc":{"start":{"line":10,"column":4},"end":{"line":12,"column":4}}}},"statementMap":{"1":{"start":{"line":11,"column":8},"end":{"line":11,"column":27}}},"branchMap":{}},"contracts/Ownable.sol":{"l":{"9":26,"13":5,"14":3,"18":3,"19":1},"path":"/Users/rostykstakhiv/Blockchain/ETH/RUSD/contracts/Ownable.sol","s":{"1":26,"2":5,"3":3,"4":1},"b":{"1":[3,2],"2":[1,2]},"f":{"1":26,"2":5,"3":3},"fnMap":{"1":{"name":"constructor","line":8,"loc":{"start":{"line":8,"column":4},"end":{"line":10,"column":4}}},"2":{"name":"OwnerRestricted","line":12,"loc":{"start":{"line":12,"column":4},"end":{"line":15,"column":4}}},"3":{"name":"transferOwnership","line":17,"loc":{"start":{"line":17,"column":4},"end":{"line":20,"column":4}}}},"statementMap":{"1":{"start":{"line":9,"column":8},"end":{"line":9,"column":25}},"2":{"start":{"line":13,"column":8},"end":{"line":13,"column":35}},"3":{"start":{"line":18,"column":8},"end":{"line":18,"column":38}},"4":{"start":{"line":19,"column":8},"end":{"line":19,"column":23}}},"branchMap":{"1":{"line":13,"type":"if","locations":[{"start":{"line":13,"column":8},"end":{"line":13,"column":8}},{"start":{"line":13,"column":8},"end":{"line":13,"column":8}}]},"2":{"line":18,"type":"if","locations":[{"start":{"line":18,"column":8},"end":{"line":18,"column":8}},{"start":{"line":18,"column":8},"end":{"line":18,"column":8}}]}}},"contracts/RUSD.sol":{"l":{"20":21,"22":21,"23":21,"24":21,"26":21,"30":15,"34":5,"38":4,"40":2,"41":2,"42":2,"44":2,"48":9,"50":5,"51":5,"53":5,"57":6,"58":4,"60":2,"61":2,"63":2,"65":2},"path":"/Users/rostykstakhiv/Blockchain/ETH/RUSD/contracts/RUSD.sol","s":{"1":21,"2":21,"3":21,"4":21,"5":21,"6":15,"7":5,"8":4,"9":2,"10":2,"11":2,"12":2,"13":9,"14":5,"15":5,"16":5,"17":6,"18":4,"19":2,"20":2,"21":2,"22":2},"b":{"1":[2,2],"2":[5,4],"3":[4,2],"4":[2,2]},"f":{"1":21,"2":15,"3":5,"4":4,"5":9,"6":6},"fnMap":{"1":{"name":"constructor","line":19,"loc":{"start":{"line":19,"column":4},"end":{"line":27,"column":4}}},"2":{"name":"balanceOf","line":29,"loc":{"start":{"line":29,"column":4},"end":{"line":31,"column":4}}},"3":{"name":"allowance","line":33,"loc":{"start":{"line":33,"column":4},"end":{"line":35,"column":4}}},"4":{"name":"transfer","line":37,"loc":{"start":{"line":37,"column":4},"end":{"line":45,"column":4}}},"5":{"name":"approve","line":47,"loc":{"start":{"line":47,"column":4},"end":{"line":54,"column":4}}},"6":{"name":"transferFrom","line":56,"loc":{"start":{"line":56,"column":4},"end":{"line":66,"column":4}}}},"statementMap":{"1":{"start":{"line":20,"column":8},"end":{"line":20,"column":33}},"2":{"start":{"line":22,"column":8},"end":{"line":22,"column":23}},"3":{"start":{"line":23,"column":8},"end":{"line":23,"column":27}},"4":{"start":{"line":24,"column":8},"end":{"line":24,"column":31}},"5":{"start":{"line":26,"column":8},"end":{"line":26,"column":42}},"6":{"start":{"line":30,"column":8},"end":{"line":30,"column":39}},"7":{"start":{"line":34,"column":8},"end":{"line":34,"column":41}},"8":{"start":{"line":38,"column":8},"end":{"line":38,"column":46}},"9":{"start":{"line":40,"column":8},"end":{"line":40,"column":62}},"10":{"start":{"line":41,"column":8},"end":{"line":41,"column":60}},"11":{"start":{"line":42,"column":8},"end":{"line":42,"column":52}},"12":{"start":{"line":44,"column":8},"end":{"line":44,"column":19}},"13":{"start":{"line":48,"column":8},"end":{"line":48,"column":51}},"14":{"start":{"line":50,"column":8},"end":{"line":50,"column":52}},"15":{"start":{"line":51,"column":8},"end":{"line":51,"column":55}},"16":{"start":{"line":53,"column":8},"end":{"line":53,"column":19}},"17":{"start":{"line":57,"column":8},"end":{"line":57,"column":54}},"18":{"start":{"line":58,"column":8},"end":{"line":58,"column":67}},"19":{"start":{"line":60,"column":8},"end":{"line":60,"column":73}},"20":{"start":{"line":61,"column":8},"end":{"line":61,"column":83}},"21":{"start":{"line":63,"column":8},"end":{"line":63,"column":69}},"22":{"start":{"line":65,"column":8},"end":{"line":65,"column":19}}},"branchMap":{"1":{"line":38,"type":"if","locations":[{"start":{"line":38,"column":8},"end":{"line":38,"column":8}},{"start":{"line":38,"column":8},"end":{"line":38,"column":8}}]},"2":{"line":48,"type":"if","locations":[{"start":{"line":48,"column":8},"end":{"line":48,"column":8}},{"start":{"line":48,"column":8},"end":{"line":48,"column":8}}]},"3":{"line":57,"type":"if","locations":[{"start":{"line":57,"column":8},"end":{"line":57,"column":8}},{"start":{"line":57,"column":8},"end":{"line":57,"column":8}}]},"4":{"line":58,"type":"if","locations":[{"start":{"line":58,"column":8},"end":{"line":58,"column":8}},{"start":{"line":58,"column":8},"end":{"line":58,"column":8}}]}}}}